c:\dev\birchengine - textures\bin\intermediates\win32\debug\vc143.pdb
c:\dev\birchengine - textures\bin\intermediates\win32\debug\vc143.idb
c:\dev\birchengine - textures\bin\intermediates\win32\debug\texturemanager.obj
c:\dev\birchengine - textures\bin\intermediates\win32\debug\main.obj
c:\dev\birchengine - textures\bin\intermediates\win32\debug\game.obj
c:\dev\birchengine - textures\bin\intermediates\win32\debug\gameobject.obj
c:\dev\birchengine - textures\bin\intermediates\win32\debug\map.obj
c:\dev\birchengine - textures\bin\intermediates\win32\debug\wheat.obj
c:\dev\birchengine - textures\bin\intermediates\win32\debug\oat.obj
c:\dev\birchengine - textures\bin\intermediates\win32\debug\corn.obj
c:\dev\birchengine - textures\bin\win32\debug\birchengine.exe
c:\dev\birchengine - textures\bin\win32\debug\birchengine.pdb
c:\dev\birchengine - textures\bin\intermediates\win32\debug\birchengine.ilk
c:\dev\birchengine - textures\bin\intermediates\win32\debug\cultivations.obj
c:\dev\birchengine - textures\bin\intermediates\win32\debug\uprawa.obj
c:\dev\birchengine - textures\bin\intermediates\win32\debug\birchengine.vcxproj.filelistabsolute.txt
c:\dev\birchengine - textures\bin\intermediates\win32\debug\birchengine.tlog\cl.command.1.tlog
c:\dev\birchengine - textures\bin\intermediates\win32\debug\birchengine.tlog\cl.items.tlog
c:\dev\birchengine - textures\bin\intermediates\win32\debug\birchengine.tlog\cl.read.1.tlog
c:\dev\birchengine - textures\bin\intermediates\win32\debug\birchengine.tlog\cl.write.1.tlog
c:\dev\birchengine - textures\bin\intermediates\win32\debug\birchengine.tlog\link.command.1.tlog
c:\dev\birchengine - textures\bin\intermediates\win32\debug\birchengine.tlog\link.read.1.tlog
c:\dev\birchengine - textures\bin\intermediates\win32\debug\birchengine.tlog\link.secondary.1.tlog
c:\dev\birchengine - textures\bin\intermediates\win32\debug\birchengine.tlog\link.write.1.tlog
